[2024-07-11T17:59:32.323+0000] {processor.py:157} INFO - Started process (PID=30) to work on /opt/airflow/dags/dags/events_dag.py
[2024-07-11T17:59:32.324+0000] {processor.py:826} INFO - Processing file /opt/airflow/dags/dags/events_dag.py for tasks to queue
[2024-07-11T17:59:32.324+0000] {logging_mixin.py:149} INFO - [2024-07-11T17:59:32.324+0000] {dagbag.py:541} INFO - Filling up the DagBag from /opt/airflow/dags/dags/events_dag.py
[2024-07-11T17:59:32.349+0000] {processor.py:836} INFO - DAG(s) dict_keys(['events_etl_DAG']) retrieved from /opt/airflow/dags/dags/events_dag.py
[2024-07-11T17:59:32.649+0000] {logging_mixin.py:149} INFO - [2024-07-11T17:59:32.649+0000] {dag.py:2726} INFO - Sync 1 DAGs
[2024-07-11T17:59:32.684+0000] {logging_mixin.py:149} INFO - [2024-07-11T17:59:32.683+0000] {dag.py:3490} INFO - Setting next_dagrun for events_etl_DAG to 2024-07-11T00:00:00+00:00, run_after=2024-07-12T00:00:00+00:00
[2024-07-11T17:59:32.705+0000] {processor.py:179} INFO - Processing /opt/airflow/dags/dags/events_dag.py took 0.389 seconds
[2024-07-11T18:00:03.330+0000] {processor.py:157} INFO - Started process (PID=91) to work on /opt/airflow/dags/dags/events_dag.py
[2024-07-11T18:00:03.333+0000] {processor.py:826} INFO - Processing file /opt/airflow/dags/dags/events_dag.py for tasks to queue
[2024-07-11T18:00:03.337+0000] {logging_mixin.py:149} INFO - [2024-07-11T18:00:03.336+0000] {dagbag.py:541} INFO - Filling up the DagBag from /opt/airflow/dags/dags/events_dag.py
[2024-07-11T18:00:03.349+0000] {processor.py:836} INFO - DAG(s) dict_keys(['events_etl_DAG']) retrieved from /opt/airflow/dags/dags/events_dag.py
[2024-07-11T18:00:03.369+0000] {logging_mixin.py:149} INFO - [2024-07-11T18:00:03.369+0000] {dag.py:2726} INFO - Sync 1 DAGs
[2024-07-11T18:00:03.386+0000] {logging_mixin.py:149} INFO - [2024-07-11T18:00:03.386+0000] {dag.py:3490} INFO - Setting next_dagrun for events_etl_DAG to 2024-07-11T00:00:00+00:00, run_after=2024-07-12T00:00:00+00:00
[2024-07-11T18:00:03.396+0000] {processor.py:179} INFO - Processing /opt/airflow/dags/dags/events_dag.py took 0.072 seconds
[2024-07-11T18:00:33.610+0000] {processor.py:157} INFO - Started process (PID=152) to work on /opt/airflow/dags/dags/events_dag.py
[2024-07-11T18:00:33.613+0000] {processor.py:826} INFO - Processing file /opt/airflow/dags/dags/events_dag.py for tasks to queue
[2024-07-11T18:00:33.615+0000] {logging_mixin.py:149} INFO - [2024-07-11T18:00:33.615+0000] {dagbag.py:541} INFO - Filling up the DagBag from /opt/airflow/dags/dags/events_dag.py
[2024-07-11T18:00:33.628+0000] {processor.py:836} INFO - DAG(s) dict_keys(['events_etl_DAG']) retrieved from /opt/airflow/dags/dags/events_dag.py
[2024-07-11T18:00:33.664+0000] {logging_mixin.py:149} INFO - [2024-07-11T18:00:33.664+0000] {dag.py:2726} INFO - Sync 1 DAGs
[2024-07-11T18:00:33.683+0000] {logging_mixin.py:149} INFO - [2024-07-11T18:00:33.683+0000] {dag.py:3490} INFO - Setting next_dagrun for events_etl_DAG to 2024-07-11T00:00:00+00:00, run_after=2024-07-12T00:00:00+00:00
[2024-07-11T18:00:33.695+0000] {processor.py:179} INFO - Processing /opt/airflow/dags/dags/events_dag.py took 0.115 seconds
[2024-07-11T18:01:03.901+0000] {processor.py:157} INFO - Started process (PID=213) to work on /opt/airflow/dags/dags/events_dag.py
[2024-07-11T18:01:03.904+0000] {processor.py:826} INFO - Processing file /opt/airflow/dags/dags/events_dag.py for tasks to queue
[2024-07-11T18:01:03.905+0000] {logging_mixin.py:149} INFO - [2024-07-11T18:01:03.905+0000] {dagbag.py:541} INFO - Filling up the DagBag from /opt/airflow/dags/dags/events_dag.py
[2024-07-11T18:01:03.916+0000] {processor.py:836} INFO - DAG(s) dict_keys(['events_etl_DAG']) retrieved from /opt/airflow/dags/dags/events_dag.py
[2024-07-11T18:01:03.949+0000] {logging_mixin.py:149} INFO - [2024-07-11T18:01:03.948+0000] {dag.py:2726} INFO - Sync 1 DAGs
[2024-07-11T18:01:03.965+0000] {logging_mixin.py:149} INFO - [2024-07-11T18:01:03.965+0000] {dag.py:3490} INFO - Setting next_dagrun for events_etl_DAG to 2024-07-11T00:00:00+00:00, run_after=2024-07-12T00:00:00+00:00
[2024-07-11T18:01:03.974+0000] {processor.py:179} INFO - Processing /opt/airflow/dags/dags/events_dag.py took 0.079 seconds
[2024-07-11T18:01:34.036+0000] {processor.py:157} INFO - Started process (PID=274) to work on /opt/airflow/dags/dags/events_dag.py
[2024-07-11T18:01:34.038+0000] {processor.py:826} INFO - Processing file /opt/airflow/dags/dags/events_dag.py for tasks to queue
[2024-07-11T18:01:34.039+0000] {logging_mixin.py:149} INFO - [2024-07-11T18:01:34.039+0000] {dagbag.py:541} INFO - Filling up the DagBag from /opt/airflow/dags/dags/events_dag.py
[2024-07-11T18:01:34.053+0000] {processor.py:836} INFO - DAG(s) dict_keys(['events_etl_DAG']) retrieved from /opt/airflow/dags/dags/events_dag.py
[2024-07-11T18:01:34.078+0000] {logging_mixin.py:149} INFO - [2024-07-11T18:01:34.078+0000] {dag.py:2726} INFO - Sync 1 DAGs
[2024-07-11T18:01:34.094+0000] {logging_mixin.py:149} INFO - [2024-07-11T18:01:34.094+0000] {dag.py:3490} INFO - Setting next_dagrun for events_etl_DAG to 2024-07-11T00:00:00+00:00, run_after=2024-07-12T00:00:00+00:00
[2024-07-11T18:01:34.103+0000] {processor.py:179} INFO - Processing /opt/airflow/dags/dags/events_dag.py took 0.073 seconds
[2024-07-11T18:02:04.351+0000] {processor.py:157} INFO - Started process (PID=336) to work on /opt/airflow/dags/dags/events_dag.py
[2024-07-11T18:02:04.354+0000] {processor.py:826} INFO - Processing file /opt/airflow/dags/dags/events_dag.py for tasks to queue
[2024-07-11T18:02:04.358+0000] {logging_mixin.py:149} INFO - [2024-07-11T18:02:04.358+0000] {dagbag.py:541} INFO - Filling up the DagBag from /opt/airflow/dags/dags/events_dag.py
[2024-07-11T18:02:04.377+0000] {processor.py:836} INFO - DAG(s) dict_keys(['events_etl_DAG']) retrieved from /opt/airflow/dags/dags/events_dag.py
[2024-07-11T18:02:04.400+0000] {logging_mixin.py:149} INFO - [2024-07-11T18:02:04.400+0000] {dag.py:2726} INFO - Sync 1 DAGs
[2024-07-11T18:02:04.417+0000] {logging_mixin.py:149} INFO - [2024-07-11T18:02:04.417+0000] {dag.py:3490} INFO - Setting next_dagrun for events_etl_DAG to 2024-07-11T00:00:00+00:00, run_after=2024-07-12T00:00:00+00:00
[2024-07-11T18:02:04.427+0000] {processor.py:179} INFO - Processing /opt/airflow/dags/dags/events_dag.py took 0.084 seconds
[2024-07-11T18:02:34.607+0000] {processor.py:157} INFO - Started process (PID=397) to work on /opt/airflow/dags/dags/events_dag.py
[2024-07-11T18:02:34.609+0000] {processor.py:826} INFO - Processing file /opt/airflow/dags/dags/events_dag.py for tasks to queue
[2024-07-11T18:02:34.610+0000] {logging_mixin.py:149} INFO - [2024-07-11T18:02:34.610+0000] {dagbag.py:541} INFO - Filling up the DagBag from /opt/airflow/dags/dags/events_dag.py
[2024-07-11T18:02:34.622+0000] {processor.py:836} INFO - DAG(s) dict_keys(['events_etl_DAG']) retrieved from /opt/airflow/dags/dags/events_dag.py
[2024-07-11T18:02:34.644+0000] {logging_mixin.py:149} INFO - [2024-07-11T18:02:34.644+0000] {dag.py:2726} INFO - Sync 1 DAGs
[2024-07-11T18:02:34.662+0000] {logging_mixin.py:149} INFO - [2024-07-11T18:02:34.662+0000] {dag.py:3490} INFO - Setting next_dagrun for events_etl_DAG to 2024-07-11T00:00:00+00:00, run_after=2024-07-12T00:00:00+00:00
[2024-07-11T18:02:34.672+0000] {processor.py:179} INFO - Processing /opt/airflow/dags/dags/events_dag.py took 0.071 seconds
[2024-07-11T18:03:04.711+0000] {processor.py:157} INFO - Started process (PID=458) to work on /opt/airflow/dags/dags/events_dag.py
[2024-07-11T18:03:04.712+0000] {processor.py:826} INFO - Processing file /opt/airflow/dags/dags/events_dag.py for tasks to queue
[2024-07-11T18:03:04.713+0000] {logging_mixin.py:149} INFO - [2024-07-11T18:03:04.713+0000] {dagbag.py:541} INFO - Filling up the DagBag from /opt/airflow/dags/dags/events_dag.py
[2024-07-11T18:03:04.721+0000] {processor.py:836} INFO - DAG(s) dict_keys(['events_etl_DAG']) retrieved from /opt/airflow/dags/dags/events_dag.py
[2024-07-11T18:03:04.753+0000] {logging_mixin.py:149} INFO - [2024-07-11T18:03:04.753+0000] {dag.py:2726} INFO - Sync 1 DAGs
[2024-07-11T18:03:04.770+0000] {logging_mixin.py:149} INFO - [2024-07-11T18:03:04.770+0000] {dag.py:3490} INFO - Setting next_dagrun for events_etl_DAG to 2024-07-11T00:00:00+00:00, run_after=2024-07-12T00:00:00+00:00
[2024-07-11T18:03:04.782+0000] {processor.py:179} INFO - Processing /opt/airflow/dags/dags/events_dag.py took 0.074 seconds
[2024-07-11T18:03:34.884+0000] {processor.py:157} INFO - Started process (PID=519) to work on /opt/airflow/dags/dags/events_dag.py
[2024-07-11T18:03:34.885+0000] {processor.py:826} INFO - Processing file /opt/airflow/dags/dags/events_dag.py for tasks to queue
[2024-07-11T18:03:34.886+0000] {logging_mixin.py:149} INFO - [2024-07-11T18:03:34.886+0000] {dagbag.py:541} INFO - Filling up the DagBag from /opt/airflow/dags/dags/events_dag.py
[2024-07-11T18:03:34.896+0000] {processor.py:836} INFO - DAG(s) dict_keys(['events_etl_DAG']) retrieved from /opt/airflow/dags/dags/events_dag.py
[2024-07-11T18:03:34.916+0000] {logging_mixin.py:149} INFO - [2024-07-11T18:03:34.916+0000] {dag.py:2726} INFO - Sync 1 DAGs
[2024-07-11T18:03:34.931+0000] {logging_mixin.py:149} INFO - [2024-07-11T18:03:34.930+0000] {dag.py:3490} INFO - Setting next_dagrun for events_etl_DAG to 2024-07-11T00:00:00+00:00, run_after=2024-07-12T00:00:00+00:00
[2024-07-11T18:03:34.939+0000] {processor.py:179} INFO - Processing /opt/airflow/dags/dags/events_dag.py took 0.059 seconds
[2024-07-11T18:04:04.970+0000] {processor.py:157} INFO - Started process (PID=580) to work on /opt/airflow/dags/dags/events_dag.py
[2024-07-11T18:04:04.971+0000] {processor.py:826} INFO - Processing file /opt/airflow/dags/dags/events_dag.py for tasks to queue
[2024-07-11T18:04:04.972+0000] {logging_mixin.py:149} INFO - [2024-07-11T18:04:04.972+0000] {dagbag.py:541} INFO - Filling up the DagBag from /opt/airflow/dags/dags/events_dag.py
[2024-07-11T18:04:04.981+0000] {processor.py:836} INFO - DAG(s) dict_keys(['events_etl_DAG']) retrieved from /opt/airflow/dags/dags/events_dag.py
[2024-07-11T18:04:05.005+0000] {logging_mixin.py:149} INFO - [2024-07-11T18:04:05.005+0000] {dag.py:2726} INFO - Sync 1 DAGs
[2024-07-11T18:04:05.025+0000] {logging_mixin.py:149} INFO - [2024-07-11T18:04:05.024+0000] {dag.py:3490} INFO - Setting next_dagrun for events_etl_DAG to 2024-07-11T00:00:00+00:00, run_after=2024-07-12T00:00:00+00:00
[2024-07-11T18:04:05.035+0000] {processor.py:179} INFO - Processing /opt/airflow/dags/dags/events_dag.py took 0.071 seconds
[2024-07-11T18:04:35.381+0000] {processor.py:157} INFO - Started process (PID=641) to work on /opt/airflow/dags/dags/events_dag.py
[2024-07-11T18:04:35.383+0000] {processor.py:826} INFO - Processing file /opt/airflow/dags/dags/events_dag.py for tasks to queue
[2024-07-11T18:04:35.384+0000] {logging_mixin.py:149} INFO - [2024-07-11T18:04:35.384+0000] {dagbag.py:541} INFO - Filling up the DagBag from /opt/airflow/dags/dags/events_dag.py
[2024-07-11T18:04:35.404+0000] {processor.py:836} INFO - DAG(s) dict_keys(['events_etl_DAG']) retrieved from /opt/airflow/dags/dags/events_dag.py
[2024-07-11T18:04:35.459+0000] {logging_mixin.py:149} INFO - [2024-07-11T18:04:35.459+0000] {dag.py:2726} INFO - Sync 1 DAGs
[2024-07-11T18:04:35.478+0000] {logging_mixin.py:149} INFO - [2024-07-11T18:04:35.478+0000] {dag.py:3490} INFO - Setting next_dagrun for events_etl_DAG to 2024-07-11T00:00:00+00:00, run_after=2024-07-12T00:00:00+00:00
[2024-07-11T18:04:35.493+0000] {processor.py:179} INFO - Processing /opt/airflow/dags/dags/events_dag.py took 0.120 seconds
[2024-07-11T18:05:05.586+0000] {processor.py:157} INFO - Started process (PID=702) to work on /opt/airflow/dags/dags/events_dag.py
[2024-07-11T18:05:05.588+0000] {processor.py:826} INFO - Processing file /opt/airflow/dags/dags/events_dag.py for tasks to queue
[2024-07-11T18:05:05.589+0000] {logging_mixin.py:149} INFO - [2024-07-11T18:05:05.589+0000] {dagbag.py:541} INFO - Filling up the DagBag from /opt/airflow/dags/dags/events_dag.py
[2024-07-11T18:05:05.600+0000] {processor.py:836} INFO - DAG(s) dict_keys(['events_etl_DAG']) retrieved from /opt/airflow/dags/dags/events_dag.py
[2024-07-11T18:05:05.640+0000] {logging_mixin.py:149} INFO - [2024-07-11T18:05:05.640+0000] {dag.py:2726} INFO - Sync 1 DAGs
[2024-07-11T18:05:05.662+0000] {logging_mixin.py:149} INFO - [2024-07-11T18:05:05.662+0000] {dag.py:3490} INFO - Setting next_dagrun for events_etl_DAG to 2024-07-11T00:00:00+00:00, run_after=2024-07-12T00:00:00+00:00
[2024-07-11T18:05:05.674+0000] {processor.py:179} INFO - Processing /opt/airflow/dags/dags/events_dag.py took 0.096 seconds
[2024-07-11T18:05:35.755+0000] {processor.py:157} INFO - Started process (PID=763) to work on /opt/airflow/dags/dags/events_dag.py
[2024-07-11T18:05:35.757+0000] {processor.py:826} INFO - Processing file /opt/airflow/dags/dags/events_dag.py for tasks to queue
[2024-07-11T18:05:35.758+0000] {logging_mixin.py:149} INFO - [2024-07-11T18:05:35.758+0000] {dagbag.py:541} INFO - Filling up the DagBag from /opt/airflow/dags/dags/events_dag.py
[2024-07-11T18:05:35.769+0000] {processor.py:836} INFO - DAG(s) dict_keys(['events_etl_DAG']) retrieved from /opt/airflow/dags/dags/events_dag.py
[2024-07-11T18:05:35.818+0000] {logging_mixin.py:149} INFO - [2024-07-11T18:05:35.818+0000] {dag.py:2726} INFO - Sync 1 DAGs
[2024-07-11T18:05:35.843+0000] {logging_mixin.py:149} INFO - [2024-07-11T18:05:35.842+0000] {dag.py:3490} INFO - Setting next_dagrun for events_etl_DAG to 2024-07-11T00:00:00+00:00, run_after=2024-07-12T00:00:00+00:00
[2024-07-11T18:05:35.854+0000] {processor.py:179} INFO - Processing /opt/airflow/dags/dags/events_dag.py took 0.107 seconds
[2024-07-11T18:06:06.746+0000] {processor.py:157} INFO - Started process (PID=824) to work on /opt/airflow/dags/dags/events_dag.py
[2024-07-11T18:06:06.748+0000] {processor.py:826} INFO - Processing file /opt/airflow/dags/dags/events_dag.py for tasks to queue
[2024-07-11T18:06:06.749+0000] {logging_mixin.py:149} INFO - [2024-07-11T18:06:06.749+0000] {dagbag.py:541} INFO - Filling up the DagBag from /opt/airflow/dags/dags/events_dag.py
[2024-07-11T18:06:06.762+0000] {processor.py:836} INFO - DAG(s) dict_keys(['events_etl_DAG']) retrieved from /opt/airflow/dags/dags/events_dag.py
[2024-07-11T18:06:06.820+0000] {logging_mixin.py:149} INFO - [2024-07-11T18:06:06.819+0000] {dag.py:2726} INFO - Sync 1 DAGs
[2024-07-11T18:06:06.843+0000] {logging_mixin.py:149} INFO - [2024-07-11T18:06:06.842+0000] {dag.py:3490} INFO - Setting next_dagrun for events_etl_DAG to 2024-07-11T00:00:00+00:00, run_after=2024-07-12T00:00:00+00:00
[2024-07-11T18:06:06.854+0000] {processor.py:179} INFO - Processing /opt/airflow/dags/dags/events_dag.py took 0.117 seconds
[2024-07-11T18:06:36.922+0000] {processor.py:157} INFO - Started process (PID=885) to work on /opt/airflow/dags/dags/events_dag.py
[2024-07-11T18:06:36.925+0000] {processor.py:826} INFO - Processing file /opt/airflow/dags/dags/events_dag.py for tasks to queue
[2024-07-11T18:06:36.926+0000] {logging_mixin.py:149} INFO - [2024-07-11T18:06:36.926+0000] {dagbag.py:541} INFO - Filling up the DagBag from /opt/airflow/dags/dags/events_dag.py
[2024-07-11T18:06:36.944+0000] {processor.py:836} INFO - DAG(s) dict_keys(['events_etl_DAG']) retrieved from /opt/airflow/dags/dags/events_dag.py
[2024-07-11T18:06:36.972+0000] {logging_mixin.py:149} INFO - [2024-07-11T18:06:36.971+0000] {dag.py:2726} INFO - Sync 1 DAGs
[2024-07-11T18:06:36.988+0000] {logging_mixin.py:149} INFO - [2024-07-11T18:06:36.988+0000] {dag.py:3490} INFO - Setting next_dagrun for events_etl_DAG to 2024-07-11T00:00:00+00:00, run_after=2024-07-12T00:00:00+00:00
[2024-07-11T18:06:36.998+0000] {processor.py:179} INFO - Processing /opt/airflow/dags/dags/events_dag.py took 0.086 seconds
